<?xml version="1.0" encoding="UTF-8"?>
<testsuite xmlns:xsi="http://www.w3.org/2001/XMLSchema-instance" xsi:noNamespaceSchemaLocation="https://maven.apache.org/surefire/maven-surefire-plugin/xsd/surefire-test-report.xsd" version="3.0.2" name="it.unimol.taxManager.service.AdminServiceTest" time="2.453" tests="21" errors="0" skipped="0" failures="0">
  <properties>
[...]
</properties>
  <testcase name="insertSoglieIsee_shouldRejectNegativeThresholds" classname="it.unimol.taxManager.service.AdminServiceTest" time="2.194"/>
  <testcase name="updateSoglieIsee_shouldRejectUnorderedDiscounts" classname="it.unimol.taxManager.service.AdminServiceTest" time="0.031"/>
  <testcase name="insertSoglieIsee_shouldRejectUnorderedThresholds" classname="it.unimol.taxManager.service.AdminServiceTest" time="0.01"/>
  <testcase name="insertSoglieIsee_shouldRejectNegativeImportoBase" classname="it.unimol.taxManager.service.AdminServiceTest" time="0.007"/>
  <testcase name="updateStudentISEE_shouldRejectNegativeIsee" classname="it.unimol.taxManager.service.AdminServiceTest" time="0.008"/>
  <testcase name="updateDatabase_shouldAddNewStudents" classname="it.unimol.taxManager.service.AdminServiceTest" time="0.043"/>
  <testcase name="updateStudentISEE_shouldUpdateValue" classname="it.unimol.taxManager.service.AdminServiceTest" time="0.009"/>
  <testcase name="updateStudentISEE_shouldReturnFalseWhenSameValue" classname="it.unimol.taxManager.service.AdminServiceTest" time="0.007"/>
  <testcase name="updateSoglieIsee_shouldReturnFalseWhenNoChanges" classname="it.unimol.taxManager.service.AdminServiceTest" time="0.006"/>
  <testcase name="validateToken_shouldRejectInvalidToken" classname="it.unimol.taxManager.service.AdminServiceTest" time="0.006"/>
  <testcase name="insertSoglieIsee_shouldRejectExistingYear" classname="it.unimol.taxManager.service.AdminServiceTest" time="0.01"/>
  <testcase name="insertSoglieIsee_shouldRejectNegativeDiscounts" classname="it.unimol.taxManager.service.AdminServiceTest" time="0.006"/>
  <testcase name="insertSoglieIsee_shouldInsertCorrectly" classname="it.unimol.taxManager.service.AdminServiceTest" time="0.005"/>
  <testcase name="validateToken_shouldRejectUnauthorizedRole" classname="it.unimol.taxManager.service.AdminServiceTest" time="0.005"/>
  <testcase name="updateSoglieIsee_shouldRejectUnorderedThresholds" classname="it.unimol.taxManager.service.AdminServiceTest" time="0.006"/>
  <testcase name="insertSoglieIsee_shouldRejectInvalidYear" classname="it.unimol.taxManager.service.AdminServiceTest" time="0.005"/>
  <testcase name="updateSoglieIsee_shouldRejectEmptyUpdate" classname="it.unimol.taxManager.service.AdminServiceTest" time="0.006"/>
  <testcase name="updateSoglieIsee_shouldUpdateCorrectly" classname="it.unimol.taxManager.service.AdminServiceTest" time="0.01"/>
  <testcase name="updateStudentISEE_shouldThrowWhenStudentNotFound" classname="it.unimol.taxManager.service.AdminServiceTest" time="0.005"/>
  <testcase name="updateDatabase_shouldNotAddExistingStudents" classname="it.unimol.taxManager.service.AdminServiceTest" time="0.005"/>
  <testcase name="insertSoglieIsee_shouldRejectUnorderedDiscounts" classname="it.unimol.taxManager.service.AdminServiceTest" time="0.005"/>
</testsuite>